2016-11-17 11:49:41 INFO  CommandUtil:30 - Cmd: cd '/Users/daniel/Documents' ; open commands.txt
2016-11-17 11:52:34 INFO  CommandUtil:30 - Cmd: cd '' ; sshpass -p 'raspberry' ssh pi@192.168.0.2
2016-11-17 11:52:34 ERROR CommandUtil:50 - Error Line: /bin/sh: sshpass: command not found
2016-11-17 17:16:02 INFO  CommandUtil:30 - Cmd: cd '/Users/daniel/Documents' ; echo 'D@nijo0n2771' | sudo -S make phaser upload
2016-11-17 17:16:03 ERROR CommandUtil:50 - Error Line: Password:make: *** No rule to make target `phaser'.  Stop.
2016-11-17 17:16:03 INFO  CommandUtil:30 - Cmd: cd '/Users/daniel/Documents' ; echo 'D@nijo0n2771' | sudo -S make phaser upload
2016-11-17 17:16:03 ERROR CommandUtil:50 - Error Line: Password:make: *** No rule to make target `phaser'.  Stop.
2016-11-17 17:16:03 INFO  CommandUtil:30 - Cmd: cd '/Users/daniel/Documents' ; echo 'D@nijo0n2771' | sudo -S make phaser upload
2016-11-17 17:16:03 ERROR CommandUtil:50 - Error Line: Password:make: *** No rule to make target `phaser'.  Stop.
2016-11-17 17:17:01 INFO  CommandUtil:30 - Cmd: cd '/Users/daniel/Documents' ; echo 'D@nijo0n2771' | sudo -S make phaser upload
2016-11-17 17:17:01 ERROR CommandUtil:50 - Error Line: Password:make: *** No rule to make target `phaser'.  Stop.
2016-11-17 17:17:01 INFO  CommandUtil:30 - Cmd: cd '/Users/daniel/Documents' ; echo 'D@nijo0n2771' | sudo -S make phaser upload
2016-11-17 17:17:01 ERROR CommandUtil:50 - Error Line: Password:make: *** No rule to make target `phaser'.  Stop.
2016-11-17 17:17:01 INFO  CommandUtil:30 - Cmd: cd '/Users/daniel/Documents' ; echo 'D@nijo0n2771' | sudo -S make phaser upload
2016-11-17 17:17:01 ERROR CommandUtil:50 - Error Line: Password:make: *** No rule to make target `phaser'.  Stop.
2016-11-17 17:18:46 INFO  CommandUtil:30 - Cmd: cd '/Users/daniel/Documents' ; echo 'D@nijo0n2771' | sudo -S make phaser upload
2016-11-17 17:18:46 ERROR CommandUtil:50 - Error Line: Password:make: *** No rule to make target `phaser'.  Stop.
2016-11-17 17:18:46 INFO  CommandUtil:30 - Cmd: cd '/Users/daniel/Documents' ; echo 'D@nijo0n2771' | sudo -S make phaser upload
2016-11-17 17:18:46 ERROR CommandUtil:50 - Error Line: Password:make: *** No rule to make target `phaser'.  Stop.
2016-11-17 17:19:03 INFO  CommandUtil:30 - Cmd: cd '/Users/daniel/Documents' ; echo 'D@nijo0n2771' | sudo -S make phaser upload
2016-11-17 17:19:03 ERROR CommandUtil:50 - Error Line: Password:make: *** No rule to make target `phaser'.  Stop.
2016-11-17 21:35:43 INFO  CommandUtil:30 - Cmd: cd '/Users/daniel/Documents' ; echo 'D@nijo0n2771' | sudo -S make phaser upload
2016-11-17 21:35:44 ERROR CommandUtil:50 - Error Line: Password:make: *** No rule to make target `phaser'.  Stop.
2016-11-17 21:35:44 INFO  CommandUtil:30 - Cmd: cd '/Users/daniel/Documents' ; echo 'D@nijo0n2771' | sudo -S make phaser upload
2016-11-17 21:35:44 ERROR CommandUtil:50 - Error Line: Password:make: *** No rule to make target `phaser'.  Stop.
2016-11-17 21:35:44 INFO  CommandUtil:30 - Cmd: cd '/Users/daniel/Documents' ; echo 'D@nijo0n2771' | sudo -S make phaser upload
2016-11-17 21:35:44 ERROR CommandUtil:50 - Error Line: Password:make: *** No rule to make target `phaser'.  Stop.
2016-11-17 21:38:55 INFO  CommandUtil:30 - Cmd: cd '/Users/daniel/Documents' ; echo 'D@nijo0n2771' | sudo -S make phaser upload
2016-11-17 21:38:55 ERROR CommandUtil:50 - Error Line: Password:make: *** No rule to make target `phaser'.  Stop.
2016-11-17 21:38:55 INFO  CommandUtil:30 - Cmd: cd '/Users/daniel/Documents' ; echo 'D@nijo0n2771' | sudo -S make phaser upload
2016-11-17 21:38:55 ERROR CommandUtil:50 - Error Line: Password:make: *** No rule to make target `phaser'.  Stop.
2016-11-17 21:38:55 INFO  CommandUtil:30 - Cmd: cd '/Users/daniel/Documents' ; echo 'D@nijo0n2771' | sudo -S make phaser upload
2016-11-17 21:38:55 ERROR CommandUtil:50 - Error Line: Password:make: *** No rule to make target `phaser'.  Stop.
2016-11-17 21:41:15 INFO  CommandUtil:30 - Cmd: cd '/Users/daniel/Documents' ; echo 'D@nijo0n2771' | sudo -S make phaser upload
2016-11-17 21:41:15 ERROR CommandUtil:50 - Error Line: Password:make: *** No rule to make target `phaser'.  Stop.
2016-11-17 21:41:15 INFO  CommandUtil:30 - Cmd: cd '/Users/daniel/Documents' ; echo 'D@nijo0n2771' | sudo -S make phaser upload
2016-11-17 21:41:16 ERROR CommandUtil:50 - Error Line: Password:make: *** No rule to make target `phaser'.  Stop.
2016-11-17 21:41:16 INFO  CommandUtil:30 - Cmd: cd '/Users/daniel/Documents' ; echo 'D@nijo0n2771' | sudo -S make phaser upload
2016-11-17 21:41:16 ERROR CommandUtil:50 - Error Line: Password:make: *** No rule to make target `phaser'.  Stop.
2016-11-17 21:53:19 INFO  CommandUtil:30 - Cmd: cd '/Users/daniel/Documents' ; echo 'D@nijo0n2771' | sudo -S make phaser upload
2016-11-17 21:53:20 ERROR CommandUtil:50 - Error Line: Password:make: *** No rule to make target `phaser'.  Stop.
2016-11-17 21:53:20 INFO  CommandUtil:30 - Cmd: cd '/Users/daniel/Documents' ; echo 'D@nijo0n2771' | sudo -S make phaser upload
2016-11-17 21:53:20 ERROR CommandUtil:50 - Error Line: Password:make: *** No rule to make target `phaser'.  Stop.
2016-11-17 21:53:20 INFO  CommandUtil:30 - Cmd: cd '/Users/daniel/Documents' ; echo 'D@nijo0n2771' | sudo -S make phaser upload
2016-11-17 21:53:20 ERROR CommandUtil:50 - Error Line: Password:make: *** No rule to make target `phaser'.  Stop.
2016-11-17 21:55:36 INFO  CommandUtil:30 - Cmd: cd '/Users/daniel/Documents' ; echo '' | sudo -S make phaser upload
2016-11-17 21:55:36 ERROR CommandUtil:50 - Error Line: Password:Sorry, try again.
2016-11-17 21:55:36 ERROR CommandUtil:50 - Error Line: Password:
2016-11-17 21:55:36 ERROR CommandUtil:50 - Error Line: sudo: 1 incorrect password attempt
2016-11-17 21:55:36 INFO  CommandUtil:30 - Cmd: cd '/Users/daniel/Documents' ; echo '' | sudo -S make phaser upload
2016-11-17 21:55:36 ERROR CommandUtil:50 - Error Line: Password:Sorry, try again.
2016-11-17 21:55:36 ERROR CommandUtil:50 - Error Line: Password:
2016-11-17 21:55:36 ERROR CommandUtil:50 - Error Line: sudo: 1 incorrect password attempt
2016-11-17 21:55:36 INFO  CommandUtil:30 - Cmd: cd '/Users/daniel/Documents' ; echo '' | sudo -S make phaser upload
2016-11-17 21:55:36 ERROR CommandUtil:50 - Error Line: Password:Sorry, try again.
2016-11-17 21:55:36 ERROR CommandUtil:50 - Error Line: Password:
2016-11-17 21:55:36 ERROR CommandUtil:50 - Error Line: sudo: 1 incorrect password attempt
2016-11-18 11:58:43 INFO  CommandUtil:30 - Cmd: cd '' ; sshpass -p 'iuiuiu' scp -r null hjhj@rttty:/home/pi/github/MansOS/apps/santa-test/
2016-11-18 11:58:43 ERROR CommandUtil:50 - Error Line: /bin/sh: sshpass: command not found
2016-11-18 11:58:43 INFO  CommandUtil:30 - Cmd: cd '' ; sshpass -p 'iuiuiu' ssh hjhj@rttty 'cd /home/pi/github/MansOS/apps/santa-test/ ; export BSLPORT=/dev/ttyUSB[0-3] && make telosb upload ; exit'
2016-11-18 11:58:43 ERROR CommandUtil:50 - Error Line: /bin/sh: sshpass: command not found
2016-11-18 11:58:43 INFO  CommandUtil:30 - Cmd: cd '' ; sshpass -p 'iuiuiu' ssh hjhj@rttty 'cd /home/pi/github/MansOS/apps/santa-test/ ; export BSLPORT=/dev/ttyUSB[0-3] && make telosb upload ; exit'
2016-11-18 11:58:43 ERROR CommandUtil:50 - Error Line: /bin/sh: sshpass: command not found
2016-11-18 12:00:05 INFO  CommandUtil:30 - Cmd: cd '' ; sshpass -p 'oko' scp -r null k@io:/home/pi/github/MansOS/apps/santa-test/
2016-11-18 12:00:05 INFO  CommandUtil:30 - Cmd: cd '' ; sshpass -p 'iuiuiu' scp -r null hjhj@rttty:/home/pi/github/MansOS/apps/santa-test/
2016-11-18 12:00:05 ERROR CommandUtil:50 - Error Line: /bin/sh: sshpass: command not found
2016-11-18 12:00:05 ERROR CommandUtil:50 - Error Line: /bin/sh: sshpass: command not found
2016-11-18 12:00:05 INFO  CommandUtil:30 - Cmd: cd '' ; sshpass -p 'iuiuiu' ssh hjhj@rttty 'cd /home/pi/github/MansOS/apps/santa-test/ ; export BSLPORT=/dev/ttyUSB[0-3] && make telosb upload ; exit'
2016-11-18 12:00:05 INFO  CommandUtil:30 - Cmd: cd '' ; sshpass -p 'oko' ssh k@io 'cd /home/pi/github/MansOS/apps/santa-test/ ; export BSLPORT=/dev/ttyUSB[0-3] && make telosb upload ; exit'
2016-11-18 12:00:05 ERROR CommandUtil:50 - Error Line: /bin/sh: sshpass: command not found
2016-11-18 12:00:05 ERROR CommandUtil:50 - Error Line: /bin/sh: sshpass: command not found
2016-11-18 12:00:05 INFO  CommandUtil:30 - Cmd: cd '' ; sshpass -p 'iuiuiu' ssh hjhj@rttty 'cd /home/pi/github/MansOS/apps/santa-test/ ; export BSLPORT=/dev/ttyUSB[0-3] && make telosb upload ; exit'
2016-11-18 12:00:05 INFO  CommandUtil:30 - Cmd: cd '' ; sshpass -p 'oko' ssh k@io 'cd /home/pi/github/MansOS/apps/santa-test/ ; export BSLPORT=/dev/ttyUSB[0-3] && make telosb upload ; exit'
2016-11-18 12:00:05 ERROR CommandUtil:50 - Error Line: /bin/sh: sshpass: command not found
2016-11-18 12:00:05 ERROR CommandUtil:50 - Error Line: /bin/sh: sshpass: command not found
2016-11-18 15:01:07 INFO  CommandUtil:30 - Cmd: cd '' ; sshpass -p 'JJ' scp -r /Users/daniel/Documents JJJ@jjj:/home/pi/github/MansOS/apps/santa-test/
2016-11-18 15:01:07 INFO  CommandUtil:30 - Cmd: cd '' ; sshpass -p 'h' scp -r /Users/daniel/Documents hh@hhh:/home/pi/github/MansOS/apps/santa-test/
2016-11-18 15:01:07 ERROR CommandUtil:50 - Error Line: /bin/sh: sshpass: command not found
2016-11-18 15:01:07 ERROR CommandUtil:50 - Error Line: /bin/sh: sshpass: command not found
2016-11-18 15:01:07 INFO  CommandUtil:30 - Cmd: cd '' ; sshpass -p 'JJ' ssh JJJ@jjj 'cd /home/pi/github/MansOS/apps/santa-test/ ; export BSLPORT=/dev/ttyUSB[0-3] && make telosb upload ; exit'
2016-11-18 15:01:07 INFO  CommandUtil:30 - Cmd: cd '' ; sshpass -p 'h' ssh hh@hhh 'cd /home/pi/github/MansOS/apps/santa-test/ ; export BSLPORT=/dev/ttyUSB[0-3] && make telosb upload ; exit'
2016-11-18 15:01:07 ERROR CommandUtil:50 - Error Line: /bin/sh: sshpass: command not found
2016-11-18 15:01:07 ERROR CommandUtil:50 - Error Line: /bin/sh: sshpass: command not found
2016-11-18 15:01:07 INFO  CommandUtil:30 - Cmd: cd '' ; sshpass -p 'h' ssh hh@hhh 'cd /home/pi/github/MansOS/apps/santa-test/ ; export BSLPORT=/dev/ttyUSB[0-3] && make telosb upload ; exit'
2016-11-18 15:01:07 INFO  CommandUtil:30 - Cmd: cd '' ; sshpass -p 'JJ' ssh JJJ@jjj 'cd /home/pi/github/MansOS/apps/santa-test/ ; export BSLPORT=/dev/ttyUSB[0-3] && make telosb upload ; exit'
2016-11-18 15:01:07 ERROR CommandUtil:50 - Error Line: /bin/sh: sshpass: command not found
2016-11-18 15:01:07 ERROR CommandUtil:50 - Error Line: /bin/sh: sshpass: command not found
2016-11-18 16:39:35 INFO  CommandUtil:30 - Cmd: cd '/Users/daniel/Documents' ; echo 'D@nijo0n' | sudo -S make phaser upload
2016-11-18 16:39:36 ERROR CommandUtil:50 - Error Line: Password:Sorry, try again.
2016-11-18 16:39:36 ERROR CommandUtil:50 - Error Line: Password:
2016-11-18 16:39:36 ERROR CommandUtil:50 - Error Line: sudo: 1 incorrect password attempt
2016-11-18 16:39:36 INFO  CommandUtil:30 - Cmd: cd '/Users/daniel/Documents' ; echo 'D@nijo0n' | sudo -S make phaser upload
2016-11-18 16:39:36 ERROR CommandUtil:50 - Error Line: Password:Sorry, try again.
2016-11-18 16:39:36 ERROR CommandUtil:50 - Error Line: Password:
2016-11-18 16:39:36 ERROR CommandUtil:50 - Error Line: sudo: 1 incorrect password attempt
2016-11-18 16:39:36 INFO  CommandUtil:30 - Cmd: cd '/Users/daniel/Documents' ; echo 'D@nijo0n' | sudo -S make phaser upload
2016-11-18 16:39:36 ERROR CommandUtil:50 - Error Line: Password:Sorry, try again.
2016-11-18 16:39:36 ERROR CommandUtil:50 - Error Line: Password:
2016-11-18 16:39:36 ERROR CommandUtil:50 - Error Line: sudo: 1 incorrect password attempt
